Compilación iniciada a las 25/12/2021 21:50:18.
El nivel de detalle de registro está establecido en Normal.     1>Proyecto "C:\Users\J.Quilez\Desktop\Escritorio\cpp_tests\Cpp_pointers\Cpp_pointers\Cpp_pointers.vcxproj" en el nodo 2 (Build destinos).
     1>InitializeBuildStatus:
         Se creará "x64\Debug\Cpp_pointers.tlog\unsuccessfulbuild" porque se especificó "AlwaysCreate".
       VcpkgTripletSelection:
         Using triplet "x64-windows" from "C:\vcpkg\installed\\x64-windows\"
       ClCompile:
         C:\Program Files (x86)\Microsoft Visual Studio\2019\Community\VC\Tools\MSVC\14.29.30133\bin\HostX86\x64\CL.exe /c /I"C:\vcpkg\installed\\x64-windows\include" /ZI /JMC /nologo /W3 /WX- /diagnostics:column /sdl /Od /D _DEBUG /D _CONSOLE /D _UNICODE /D UNICODE /Gm- /EHsc /RTC1 /MDd /GS /fp:precise /permissive- /Zc:wchar_t /Zc:forScope /Zc:inline /std:c++latest /Fo"x64\Debug\\" /Fd"x64\Debug\vc142.pdb" /external:W3 /Gd /TP /FC /errorReport:prompt Source.cpp
         Source.cpp
     1>C:\Users\J.Quilez\Desktop\Escritorio\cpp_tests\Cpp_pointers\Cpp_pointers\Source.cpp(71,19): warning C4244: 'return': conversión de 'double' a 'int'; posible pérdida de datos
     1>C:\Users\J.Quilez\Desktop\Escritorio\cpp_tests\Cpp_pointers\Cpp_pointers\Source.cpp(152): warning C4114: el mismo calificador de tipo se ha utilizado más de una vez
     1>C:\Users\J.Quilez\Desktop\Escritorio\cpp_tests\Cpp_pointers\Cpp_pointers\Source.cpp(152,23): warning C4114: el mismo calificador de tipo se ha utilizado más de una vez
     1>C:\Users\J.Quilez\Desktop\Escritorio\cpp_tests\Cpp_pointers\Cpp_pointers\Source.cpp(154,61): error C3867: 'Bar::print_nc': sintaxis no estándar; utilice '&' para crear un puntero al miembro
     1>C:\Users\J.Quilez\Desktop\Escritorio\cpp_tests\Cpp_pointers\Cpp_pointers\Source.cpp(155,63): error C3867: 'Bar::func_test': sintaxis no estándar; utilice '&' para crear un puntero al miembro
     1>C:\Users\J.Quilez\Desktop\Escritorio\cpp_tests\Cpp_pointers\Cpp_pointers\Source.cpp(176,10): warning C4834: se descarta el valor devuelto de la función con el atributo "nodiscard"
     1>Compilación del proyecto terminada "C:\Users\J.Quilez\Desktop\Escritorio\cpp_tests\Cpp_pointers\Cpp_pointers\Cpp_pointers.vcxproj" (Build destinos) -- ERROR.

ERROR al compilar.

       "C:\Users\J.Quilez\Desktop\Escritorio\cpp_tests\Cpp_pointers\Cpp_pointers\Cpp_pointers.vcxproj" (Build destino) (1) ->
       (ClCompile destino) -> 
         C:\Users\J.Quilez\Desktop\Escritorio\cpp_tests\Cpp_pointers\Cpp_pointers\Source.cpp(71,19): warning C4244: 'return': conversión de 'double' a 'int'; posible pérdida de datos
         C:\Users\J.Quilez\Desktop\Escritorio\cpp_tests\Cpp_pointers\Cpp_pointers\Source.cpp(152): warning C4114: el mismo calificador de tipo se ha utilizado más de una vez
         C:\Users\J.Quilez\Desktop\Escritorio\cpp_tests\Cpp_pointers\Cpp_pointers\Source.cpp(152,23): warning C4114: el mismo calificador de tipo se ha utilizado más de una vez
         C:\Users\J.Quilez\Desktop\Escritorio\cpp_tests\Cpp_pointers\Cpp_pointers\Source.cpp(176,10): warning C4834: se descarta el valor devuelto de la función con el atributo "nodiscard"


       "C:\Users\J.Quilez\Desktop\Escritorio\cpp_tests\Cpp_pointers\Cpp_pointers\Cpp_pointers.vcxproj" (Build destino) (1) ->
       (ClCompile destino) -> 
         C:\Users\J.Quilez\Desktop\Escritorio\cpp_tests\Cpp_pointers\Cpp_pointers\Source.cpp(154,61): error C3867: 'Bar::print_nc': sintaxis no estándar; utilice '&' para crear un puntero al miembro
         C:\Users\J.Quilez\Desktop\Escritorio\cpp_tests\Cpp_pointers\Cpp_pointers\Source.cpp(155,63): error C3867: 'Bar::func_test': sintaxis no estándar; utilice '&' para crear un puntero al miembro

    4 Advertencia(s)
    2 Errores

Tiempo transcurrido 00:00:01.11
